<?xml version="1.0" encoding="UTF-8"?>
<testng-results ignored="0" total="2" passed="2" failed="0" skipped="0">
  <reporter-output>
  </reporter-output>
  <suite started-at="2025-06-14T20:17:40 IST" name="masterSuite" finished-at="2025-06-14T20:18:24 IST" duration-ms="43848">
    <groups>
      <group name="Master">
        <method signature="TC001_AccountRegistorTest.verifyRegistorAccountTest()[pri:0, instance:testCases.TC001_AccountRegistorTest@54d9d12d]" name="verifyRegistorAccountTest" class="testCases.TC001_AccountRegistorTest"/>
        <method signature="TC002_LoginTest.verifyLoginTest()[pri:0, instance:testCases.TC002_LoginTest@6025e1b6]" name="verifyLoginTest" class="testCases.TC002_LoginTest"/>
      </group> <!-- Master -->
      <group name="Sanity">
        <method signature="TC002_LoginTest.verifyLoginTest()[pri:0, instance:testCases.TC002_LoginTest@6025e1b6]" name="verifyLoginTest" class="testCases.TC002_LoginTest"/>
      </group> <!-- Sanity -->
      <group name="Regression">
        <method signature="TC001_AccountRegistorTest.verifyRegistorAccountTest()[pri:0, instance:testCases.TC001_AccountRegistorTest@54d9d12d]" name="verifyRegistorAccountTest" class="testCases.TC001_AccountRegistorTest"/>
      </group> <!-- Regression -->
    </groups>
    <test started-at="2025-06-14T20:17:40 IST" name="Test" finished-at="2025-06-14T20:18:24 IST" duration-ms="43848">
      <class name="testCases.TC002_LoginTest">
        <test-method is-config="true" signature="setup(java.lang.String,java.lang.String)[pri:0, instance:testCases.TC002_LoginTest@6025e1b6]" started-at="2025-06-14T20:18:10 IST" name="setup" finished-at="2025-06-14T20:18:17 IST" duration-ms="7626" status="PASS">
          <params>
            <param index="0">
              <value>
                <![CDATA[edge]]>
              </value>
            </param>
            <param index="1">
              <value>
                <![CDATA[windows]]>
              </value>
            </param>
          </params>
          <reporter-output>
          </reporter-output>
        </test-method> <!-- setup -->
        <test-method signature="verifyLoginTest()[pri:0, instance:testCases.TC002_LoginTest@6025e1b6]" started-at="2025-06-14T20:18:17 IST" name="verifyLoginTest" finished-at="2025-06-14T20:18:23 IST" duration-ms="5882" status="PASS">
          <reporter-output>
          </reporter-output>
        </test-method> <!-- verifyLoginTest -->
        <test-method is-config="true" signature="tearDown()[pri:0, instance:testCases.TC002_LoginTest@6025e1b6]" started-at="2025-06-14T20:18:23 IST" name="tearDown" finished-at="2025-06-14T20:18:24 IST" duration-ms="566" status="PASS">
          <reporter-output>
          </reporter-output>
        </test-method> <!-- tearDown -->
      </class> <!-- testCases.TC002_LoginTest -->
      <class name="testCases.TC001_AccountRegistorTest">
        <test-method is-config="true" signature="setup(java.lang.String,java.lang.String)[pri:0, instance:testCases.TC001_AccountRegistorTest@54d9d12d]" started-at="2025-06-14T20:17:41 IST" name="setup" finished-at="2025-06-14T20:18:04 IST" duration-ms="22323" status="PASS">
          <params>
            <param index="0">
              <value>
                <![CDATA[edge]]>
              </value>
            </param>
            <param index="1">
              <value>
                <![CDATA[windows]]>
              </value>
            </param>
          </params>
          <reporter-output>
          </reporter-output>
        </test-method> <!-- setup -->
        <test-method signature="verifyRegistorAccountTest()[pri:0, instance:testCases.TC001_AccountRegistorTest@54d9d12d]" started-at="2025-06-14T20:18:04 IST" name="verifyRegistorAccountTest" finished-at="2025-06-14T20:18:09 IST" duration-ms="5473" status="PASS">
          <reporter-output>
          </reporter-output>
        </test-method> <!-- verifyRegistorAccountTest -->
        <test-method is-config="true" signature="tearDown()[pri:0, instance:testCases.TC001_AccountRegistorTest@54d9d12d]" started-at="2025-06-14T20:18:09 IST" name="tearDown" finished-at="2025-06-14T20:18:10 IST" duration-ms="560" status="PASS">
          <reporter-output>
          </reporter-output>
        </test-method> <!-- tearDown -->
      </class> <!-- testCases.TC001_AccountRegistorTest -->
    </test> <!-- Test -->
  </suite> <!-- masterSuite -->
</testng-results>
