<?xml version="1.0" encoding="UTF-8"?>
<testng-results ignored="0" total="2" passed="2" failed="0" skipped="0">
  <reporter-output>
  </reporter-output>
  <suite started-at="2025-06-14T19:35:32 IST" name="masterSuite" finished-at="2025-06-14T19:36:30 IST" duration-ms="58064">
    <groups>
      <group name="Master">
        <method signature="TC001_AccountRegistorTest.verifyRegistorAccountTest()[pri:0, instance:testCases.TC001_AccountRegistorTest@41d477ed]" name="verifyRegistorAccountTest" class="testCases.TC001_AccountRegistorTest"/>
        <method signature="TC002_LoginTest.verifyLoginTest()[pri:0, instance:testCases.TC002_LoginTest@74235045]" name="verifyLoginTest" class="testCases.TC002_LoginTest"/>
      </group> <!-- Master -->
      <group name="Sanity">
        <method signature="TC002_LoginTest.verifyLoginTest()[pri:0, instance:testCases.TC002_LoginTest@74235045]" name="verifyLoginTest" class="testCases.TC002_LoginTest"/>
      </group> <!-- Sanity -->
      <group name="Regression">
        <method signature="TC001_AccountRegistorTest.verifyRegistorAccountTest()[pri:0, instance:testCases.TC001_AccountRegistorTest@41d477ed]" name="verifyRegistorAccountTest" class="testCases.TC001_AccountRegistorTest"/>
      </group> <!-- Regression -->
    </groups>
    <test started-at="2025-06-14T19:35:32 IST" name="Test" finished-at="2025-06-14T19:36:30 IST" duration-ms="58064">
      <class name="testCases.TC002_LoginTest">
        <test-method is-config="true" signature="setup(java.lang.String,java.lang.String)[pri:0, instance:testCases.TC002_LoginTest@74235045]" started-at="2025-06-14T19:36:11 IST" name="setup" finished-at="2025-06-14T19:36:24 IST" duration-ms="12429" status="PASS">
          <params>
            <param index="0">
              <value>
                <![CDATA[edge]]>
              </value>
            </param>
            <param index="1">
              <value>
                <![CDATA[windows]]>
              </value>
            </param>
          </params>
          <reporter-output>
          </reporter-output>
        </test-method> <!-- setup -->
        <test-method signature="verifyLoginTest()[pri:0, instance:testCases.TC002_LoginTest@74235045]" started-at="2025-06-14T19:36:24 IST" name="verifyLoginTest" finished-at="2025-06-14T19:36:29 IST" duration-ms="5472" status="PASS">
          <reporter-output>
          </reporter-output>
        </test-method> <!-- verifyLoginTest -->
        <test-method is-config="true" signature="tearDown()[pri:0, instance:testCases.TC002_LoginTest@74235045]" started-at="2025-06-14T19:36:29 IST" name="tearDown" finished-at="2025-06-14T19:36:30 IST" duration-ms="880" status="PASS">
          <reporter-output>
          </reporter-output>
        </test-method> <!-- tearDown -->
      </class> <!-- testCases.TC002_LoginTest -->
      <class name="testCases.TC001_AccountRegistorTest">
        <test-method is-config="true" signature="setup(java.lang.String,java.lang.String)[pri:0, instance:testCases.TC001_AccountRegistorTest@41d477ed]" started-at="2025-06-14T19:35:33 IST" name="setup" finished-at="2025-06-14T19:36:01 IST" duration-ms="28529" status="PASS">
          <params>
            <param index="0">
              <value>
                <![CDATA[edge]]>
              </value>
            </param>
            <param index="1">
              <value>
                <![CDATA[windows]]>
              </value>
            </param>
          </params>
          <reporter-output>
          </reporter-output>
        </test-method> <!-- setup -->
        <test-method signature="verifyRegistorAccountTest()[pri:0, instance:testCases.TC001_AccountRegistorTest@41d477ed]" started-at="2025-06-14T19:36:01 IST" name="verifyRegistorAccountTest" finished-at="2025-06-14T19:36:07 IST" duration-ms="5242" status="PASS">
          <reporter-output>
          </reporter-output>
        </test-method> <!-- verifyRegistorAccountTest -->
        <test-method is-config="true" signature="tearDown()[pri:0, instance:testCases.TC001_AccountRegistorTest@41d477ed]" started-at="2025-06-14T19:36:07 IST" name="tearDown" finished-at="2025-06-14T19:36:11 IST" duration-ms="4659" status="PASS">
          <reporter-output>
          </reporter-output>
        </test-method> <!-- tearDown -->
      </class> <!-- testCases.TC001_AccountRegistorTest -->
    </test> <!-- Test -->
  </suite> <!-- masterSuite -->
</testng-results>
